<?xml version="1.0" encoding="UTF-8"?>
<testng-results ignored="0" total="1" passed="1" failed="0" skipped="0">
  <reporter-output>
    <line>
      <![CDATA[book page is displayed]]>
    </line>
  </reporter-output>
  <suite started-at="2024-08-06T12:34:21 IST" name="Default suite" finished-at="2024-08-06T12:34:44 IST" duration-ms="22697">
    <groups>
    </groups>
    <test started-at="2024-08-06T12:34:21 IST" name="Default test" finished-at="2024-08-06T12:34:44 IST" duration-ms="22697">
      <class name="books.Tc_DWs_005_Test">
        <test-method is-config="true" signature="navigatetobrowser()[pri:0, instance:books.Tc_DWs_005_Test@776aec5c]" started-at="2024-08-06T12:34:21 IST" name="navigatetobrowser" finished-at="2024-08-06T12:34:37 IST" duration-ms="15870" status="PASS">
          <reporter-output>
          </reporter-output>
        </test-method> <!-- navigatetobrowser -->
        <test-method is-config="true" signature="login()[pri:0, instance:books.Tc_DWs_005_Test@776aec5c]" started-at="2024-08-06T12:34:37 IST" name="login" finished-at="2024-08-06T12:34:39 IST" duration-ms="2174" status="PASS">
          <reporter-output>
          </reporter-output>
        </test-method> <!-- login -->
        <test-method signature="clickonBooks()[pri:0, instance:books.Tc_DWs_005_Test@776aec5c]" started-at="2024-08-06T12:34:39 IST" name="clickonBooks" finished-at="2024-08-06T12:34:42 IST" duration-ms="2803" status="PASS">
          <reporter-output>
            <line>
              <![CDATA[book page is displayed]]>
            </line>
          </reporter-output>
        </test-method> <!-- clickonBooks -->
        <test-method is-config="true" signature="logout()[pri:0, instance:books.Tc_DWs_005_Test@776aec5c]" started-at="2024-08-06T12:34:42 IST" name="logout" finished-at="2024-08-06T12:34:43 IST" duration-ms="1416" status="PASS">
          <reporter-output>
          </reporter-output>
        </test-method> <!-- logout -->
        <test-method is-config="true" signature="closebrowser()[pri:0, instance:books.Tc_DWs_005_Test@776aec5c]" started-at="2024-08-06T12:34:43 IST" name="closebrowser" finished-at="2024-08-06T12:34:44 IST" duration-ms="376" status="PASS">
          <reporter-output>
          </reporter-output>
        </test-method> <!-- closebrowser -->
      </class> <!-- books.Tc_DWs_005_Test -->
    </test> <!-- Default test -->
  </suite> <!-- Default suite -->
</testng-results>
